# JRE version: OpenJDK Runtime Environment Temurin-21.0.10+7 (21.0.10+7) (build 21.0.10+7-LTS)
# Java VM: OpenJDK 64-Bit Server VM Temurin-21.0.10+7 (21.0.10+7-LTS, mixed mode, sharing, tiered, compressed oops, compressed class ptrs, parallel gc, windows-amd64)
GC Precious Log:
 CardTable entry size: 512
 CPUs: 4 total, 4 available
 Memory: 8085M
 Large Page Support: Disabled
 NUMA Support: Disabled
 Compressed Oops: Enabled (32-bit)
 Alignments: Space 512K, Generation 512K, Heap 2M
 Heap Min Capacity: 100M
 Heap Initial Capacity: 100M
 Heap Max Capacity: 2G
 Pre-touch: Disabled
 Parallel Workers: 4
Heap:
 PSYoungGen      total 18944K, used 15992K [0x00000000d5580000, 0x00000000d6a00000, 0x0000000100000000)
  eden space 17920K, 86% used [0x00000000d5580000,0x00000000d64a5c58,0x00000000d6700000)
  from space 1024K, 47% used [0x00000000d6800000,0x00000000d6878600,0x00000000d6900000)
  to   space 512K, 0% used [0x00000000d6980000,0x00000000d6980000,0x00000000d6a00000)
 ParOldGen       total 68608K, used 46337K [0x0000000080000000, 0x0000000084300000, 0x00000000d5580000)
  object space 68608K, 67% used [0x0000000080000000,0x0000000082d40420,0x0000000084300000)
 Metaspace       used 72688K, committed 74240K, reserved 1114112K
  class space    used 9158K, committed 9856K, reserved 1048576K
GC Heap History (20 events):
Event: 49.419 GC heap before
{Heap before GC invocations=45 (full 3):
 PSYoungGen      total 19456K, used 18503K [0x00000000d5580000, 0x00000000d6b00000, 0x0000000100000000)
  eden space 17920K, 100% used [0x00000000d5580000,0x00000000d6700000,0x00000000d6700000)
  from space 1536K, 37% used [0x00000000d6800000,0x00000000d6891d48,0x00000000d6980000)
  to   space 1024K, 0% used [0x00000000d6a00000,0x00000000d6a00000,0x00000000d6b00000)
 ParOldGen       total 68608K, used 43684K [0x0000000080000000, 0x0000000084300000, 0x00000000d5580000)
  object space 68608K, 63% used [0x0000000080000000,0x0000000082aa9108,0x0000000084300000)
 Metaspace       used 65611K, committed 66880K, reserved 1114112K
  class space    used 8226K, committed 8768K, reserved 1048576K
}
Event: 49.420 GC heap after
{Heap after GC invocations=45 (full 3):
 PSYoungGen      total 18432K, used 234K [0x00000000d5580000, 0x00000000d6a80000, 0x0000000100000000)
  eden space 17920K, 0% used [0x00000000d5580000,0x00000000d5580000,0x00000000d6700000)
  from space 512K, 45% used [0x00000000d6a00000,0x00000000d6a3a970,0x00000000d6a80000)
  to   space 512K, 0% used [0x00000000d6980000,0x00000000d6980000,0x00000000d6a00000)
 ParOldGen       total 68608K, used 43740K [0x0000000080000000, 0x0000000084300000, 0x00000000d5580000)
  object space 68608K, 63% used [0x0000000080000000,0x0000000082ab7108,0x0000000084300000)
 Metaspace       used 65611K, committed 66880K, reserved 1114112K
  class space    used 8226K, committed 8768K, reserved 1048576K
}
Event: 49.574 GC heap before
{Heap before GC invocations=46 (full 3):
 PSYoungGen      total 18432K, used 18154K [0x00000000d5580000, 0x00000000d6a80000, 0x0000000100000000)
  eden space 17920K, 100% used [0x00000000d5580000,0x00000000d6700000,0x00000000d6700000)
  from space 512K, 45% used [0x00000000d6a00000,0x00000000d6a3a970,0x00000000d6a80000)
  to   space 512K, 0% used [0x00000000d6980000,0x00000000d6980000,0x00000000d6a00000)
 ParOldGen       total 68608K, used 43740K [0x0000000080000000, 0x0000000084300000, 0x00000000d5580000)
  object space 68608K, 63% used [0x0000000080000000,0x0000000082ab7108,0x0000000084300000)
 Metaspace       used 65611K, committed 66880K, reserved 1114112K
  class space    used 8226K, committed 8768K, reserved 1048576K
}
Event: 49.575 GC heap after
{Heap after GC invocations=46 (full 3):
 PSYoungGen      total 18432K, used 491K [0x00000000d5580000, 0x00000000d6a80000, 0x0000000100000000)
  eden space 17920K, 0% used [0x00000000d5580000,0x00000000d5580000,0x00000000d6700000)
  from space 512K, 96% used [0x00000000d6980000,0x00000000d69fafe0,0x00000000d6a00000)
  to   space 512K, 0% used [0x00000000d6a00000,0x00000000d6a00000,0x00000000d6a80000)
 ParOldGen       total 68608K, used 44186K [0x0000000080000000, 0x0000000084300000, 0x00000000d5580000)
  object space 68608K, 64% used [0x0000000080000000,0x0000000082b269e0,0x0000000084300000)
 Metaspace       used 65611K, committed 66880K, reserved 1114112K
  class space    used 8226K, committed 8768K, reserved 1048576K
}
Event: 49.806 GC heap before
{Heap before GC invocations=47 (full 3):
 PSYoungGen      total 18432K, used 18411K [0x00000000d5580000, 0x00000000d6a80000, 0x0000000100000000)
  eden space 17920K, 100% used [0x00000000d5580000,0x00000000d6700000,0x00000000d6700000)
  from space 512K, 96% used [0x00000000d6980000,0x00000000d69fafe0,0x00000000d6a00000)
  to   space 512K, 0% used [0x00000000d6a00000,0x00000000d6a00000,0x00000000d6a80000)
 ParOldGen       total 68608K, used 44186K [0x0000000080000000, 0x0000000084300000, 0x00000000d5580000)
  object space 68608K, 64% used [0x0000000080000000,0x0000000082b269e0,0x0000000084300000)
 Metaspace       used 65611K, committed 66880K, reserved 1114112K
  class space    used 8226K, committed 8768K, reserved 1048576K
}
Event: 49.807 GC heap after
{Heap after GC invocations=47 (full 3):
 PSYoungGen      total 18432K, used 507K [0x00000000d5580000, 0x00000000d6a80000, 0x0000000100000000)
  eden space 17920K, 0% used [0x00000000d5580000,0x00000000d5580000,0x00000000d6700000)
  from space 512K, 99% used [0x00000000d6a00000,0x00000000d6a7ee98,0x00000000d6a80000)
  to   space 1536K, 0% used [0x00000000d6780000,0x00000000d6780000,0x00000000d6900000)
 ParOldGen       total 68608K, used 44674K [0x0000000080000000, 0x0000000084300000, 0x00000000d5580000)
  object space 68608K, 65% used [0x0000000080000000,0x0000000082ba0900,0x0000000084300000)
 Metaspace       used 65611K, committed 66880K, reserved 1114112K
  class space    used 8226K, committed 8768K, reserved 1048576K
}
Event: 50.056 GC heap before
{Heap before GC invocations=48 (full 3):
 PSYoungGen      total 18432K, used 18427K [0x00000000d5580000, 0x00000000d6a80000, 0x0000000100000000)
  eden space 17920K, 100% used [0x00000000d5580000,0x00000000d6700000,0x00000000d6700000)
  from space 512K, 99% used [0x00000000d6a00000,0x00000000d6a7ee98,0x00000000d6a80000)
  to   space 1536K, 0% used [0x00000000d6780000,0x00000000d6780000,0x00000000d6900000)
 ParOldGen       total 68608K, used 44674K [0x0000000080000000, 0x0000000084300000, 0x00000000d5580000)
  object space 68608K, 65% used [0x0000000080000000,0x0000000082ba0900,0x0000000084300000)
 Metaspace       used 65611K, committed 66880K, reserved 1114112K
  class space    used 8226K, committed 8768K, reserved 1048576K
}
Event: 50.057 GC heap after
{Heap after GC invocations=48 (full 3):
 PSYoungGen      total 19456K, used 902K [0x00000000d5580000, 0x00000000d6a80000, 0x0000000100000000)
  eden space 17920K, 0% used [0x00000000d5580000,0x00000000d5580000,0x00000000d6700000)
  from space 1536K, 58% used [0x00000000d6780000,0x00000000d6861bd0,0x00000000d6900000)
  to   space 1024K, 0% used [0x00000000d6980000,0x00000000d6980000,0x00000000d6a80000)
 ParOldGen       total 68608K, used 44730K [0x0000000080000000, 0x0000000084300000, 0x00000000d5580000)
  object space 68608K, 65% used [0x0000000080000000,0x0000000082bae900,0x0000000084300000)
 Metaspace       used 65611K, committed 66880K, reserved 1114112K
  class space    used 8226K, committed 8768K, reserved 1048576K
}
Event: 50.209 GC heap before
{Heap before GC invocations=49 (full 3):
 PSYoungGen      total 19456K, used 18822K [0x00000000d5580000, 0x00000000d6a80000, 0x0000000100000000)
  eden space 17920K, 100% used [0x00000000d5580000,0x00000000d6700000,0x00000000d6700000)
  from space 1536K, 58% used [0x00000000d6780000,0x00000000d6861bd0,0x00000000d6900000)
  to   space 1024K, 0% used [0x00000000d6980000,0x00000000d6980000,0x00000000d6a80000)
 ParOldGen       total 68608K, used 44730K [0x0000000080000000, 0x0000000084300000, 0x00000000d5580000)
  object space 68608K, 65% used [0x0000000080000000,0x0000000082bae900,0x0000000084300000)
 Metaspace       used 65963K, committed 67200K, reserved 1114112K
  class space    used 8271K, committed 8768K, reserved 1048576K
}
Event: 50.210 GC heap after
{Heap after GC invocations=49 (full 3):
 PSYoungGen      total 18432K, used 208K [0x00000000d5580000, 0x00000000d6a00000, 0x0000000100000000)
  eden space 17920K, 0% used [0x00000000d5580000,0x00000000d5580000,0x00000000d6700000)
  from space 512K, 40% used [0x00000000d6980000,0x00000000d69b4010,0x00000000d6a00000)
  to   space 512K, 0% used [0x00000000d6900000,0x00000000d6900000,0x00000000d6980000)
 ParOldGen       total 68608K, used 44770K [0x0000000080000000, 0x0000000084300000, 0x00000000d5580000)
  object space 68608K, 65% used [0x0000000080000000,0x0000000082bb8900,0x0000000084300000)
 Metaspace       used 65963K, committed 67200K, reserved 1114112K
  class space    used 8271K, committed 8768K, reserved 1048576K
}
Event: 50.589 GC heap before
{Heap before GC invocations=50 (full 3):
 PSYoungGen      total 18432K, used 18128K [0x00000000d5580000, 0x00000000d6a00000, 0x0000000100000000)
  eden space 17920K, 100% used [0x00000000d5580000,0x00000000d6700000,0x00000000d6700000)
  from space 512K, 40% used [0x00000000d6980000,0x00000000d69b4010,0x00000000d6a00000)
  to   space 512K, 0% used [0x00000000d6900000,0x00000000d6900000,0x00000000d6980000)
 ParOldGen       total 68608K, used 44770K [0x0000000080000000, 0x0000000084300000, 0x00000000d5580000)
  object space 68608K, 65% used [0x0000000080000000,0x0000000082bb8900,0x0000000084300000)
 Metaspace       used 68275K, committed 69696K, reserved 1114112K
  class space    used 8596K, committed 9216K, reserved 1048576K
}
Event: 50.590 GC heap after
{Heap after GC invocations=50 (full 3):
 PSYoungGen      total 18432K, used 480K [0x00000000d5580000, 0x00000000d6a00000, 0x0000000100000000)
  eden space 17920K, 0% used [0x00000000d5580000,0x00000000d5580000,0x00000000d6700000)
  from space 512K, 93% used [0x00000000d6900000,0x00000000d6978010,0x00000000d6980000)
  to   space 512K, 0% used [0x00000000d6980000,0x00000000d6980000,0x00000000d6a00000)
 ParOldGen       total 68608K, used 44946K [0x0000000080000000, 0x0000000084300000, 0x00000000d5580000)
  object space 68608K, 65% used [0x0000000080000000,0x0000000082be4920,0x0000000084300000)
 Metaspace       used 68275K, committed 69696K, reserved 1114112K
  class space    used 8596K, committed 9216K, reserved 1048576K
}
Event: 51.701 GC heap before
{Heap before GC invocations=51 (full 3):
 PSYoungGen      total 18432K, used 18400K [0x00000000d5580000, 0x00000000d6a00000, 0x0000000100000000)
  eden space 17920K, 100% used [0x00000000d5580000,0x00000000d6700000,0x00000000d6700000)
  from space 512K, 93% used [0x00000000d6900000,0x00000000d6978010,0x00000000d6980000)
  to   space 512K, 0% used [0x00000000d6980000,0x00000000d6980000,0x00000000d6a00000)
 ParOldGen       total 68608K, used 44946K [0x0000000080000000, 0x0000000084300000, 0x00000000d5580000)
  object space 68608K, 65% used [0x0000000080000000,0x0000000082be4920,0x0000000084300000)
 Metaspace       used 68697K, committed 70016K, reserved 1114112K
  class space    used 8653K, committed 9216K, reserved 1048576K
}
Event: 51.703 GC heap after
{Heap after GC invocations=51 (full 3):
 PSYoungGen      total 18432K, used 224K [0x00000000d5580000, 0x00000000d6a00000, 0x0000000100000000)
  eden space 17920K, 0% used [0x00000000d5580000,0x00000000d5580000,0x00000000d6700000)
  from space 512K, 43% used [0x00000000d6980000,0x00000000d69b8000,0x00000000d6a00000)
  to   space 512K, 0% used [0x00000000d6900000,0x00000000d6900000,0x00000000d6980000)
 ParOldGen       total 68608K, used 45373K [0x0000000080000000, 0x0000000084300000, 0x00000000d5580000)
  object space 68608K, 66% used [0x0000000080000000,0x0000000082c4f4b0,0x0000000084300000)
 Metaspace       used 68697K, committed 70016K, reserved 1114112K
  class space    used 8653K, committed 9216K, reserved 1048576K
}
Event: 52.350 GC heap before
{Heap before GC invocations=52 (full 3):
 PSYoungGen      total 18432K, used 18144K [0x00000000d5580000, 0x00000000d6a00000, 0x0000000100000000)
  eden space 17920K, 100% used [0x00000000d5580000,0x00000000d6700000,0x00000000d6700000)
  from space 512K, 43% used [0x00000000d6980000,0x00000000d69b8000,0x00000000d6a00000)
  to   space 512K, 0% used [0x00000000d6900000,0x00000000d6900000,0x00000000d6980000)
 ParOldGen       total 68608K, used 45373K [0x0000000080000000, 0x0000000084300000, 0x00000000d5580000)
  object space 68608K, 66% used [0x0000000080000000,0x0000000082c4f4b0,0x0000000084300000)
 Metaspace       used 69441K, committed 70784K, reserved 1114112K
  class space    used 8737K, committed 9344K, reserved 1048576K
}
Event: 52.352 GC heap after
{Heap after GC invocations=52 (full 3):
 PSYoungGen      total 18432K, used 504K [0x00000000d5580000, 0x00000000d6a00000, 0x0000000100000000)
  eden space 17920K, 0% used [0x00000000d5580000,0x00000000d5580000,0x00000000d6700000)
  from space 512K, 98% used [0x00000000d6900000,0x00000000d697e1a8,0x00000000d6980000)
  to   space 512K, 0% used [0x00000000d6980000,0x00000000d6980000,0x00000000d6a00000)
 ParOldGen       total 68608K, used 45597K [0x0000000080000000, 0x0000000084300000, 0x00000000d5580000)
  object space 68608K, 66% used [0x0000000080000000,0x0000000082c875e0,0x0000000084300000)
 Metaspace       used 69441K, committed 70784K, reserved 1114112K
  class space    used 8737K, committed 9344K, reserved 1048576K
}
Event: 53.038 GC heap before
{Heap before GC invocations=53 (full 3):
 PSYoungGen      total 18432K, used 18424K [0x00000000d5580000, 0x00000000d6a00000, 0x0000000100000000)
  eden space 17920K, 100% used [0x00000000d5580000,0x00000000d6700000,0x00000000d6700000)
  from space 512K, 98% used [0x00000000d6900000,0x00000000d697e1a8,0x00000000d6980000)
  to   space 512K, 0% used [0x00000000d6980000,0x00000000d6980000,0x00000000d6a00000)
 ParOldGen       total 68608K, used 45597K [0x0000000080000000, 0x0000000084300000, 0x00000000d5580000)
  object space 68608K, 66% used [0x0000000080000000,0x0000000082c875e0,0x0000000084300000)
 Metaspace       used 70474K, committed 71936K, reserved 1114112K
  class space    used 8903K, committed 9536K, reserved 1048576K
}
Event: 53.040 GC heap after
{Heap after GC invocations=53 (full 3):
 PSYoungGen      total 18432K, used 480K [0x00000000d5580000, 0x00000000d6a00000, 0x0000000100000000)
  eden space 17920K, 0% used [0x00000000d5580000,0x00000000d5580000,0x00000000d6700000)
  from space 512K, 93% used [0x00000000d6980000,0x00000000d69f8000,0x00000000d6a00000)
  to   space 1024K, 0% used [0x00000000d6800000,0x00000000d6800000,0x00000000d6900000)
 ParOldGen       total 68608K, used 46024K [0x0000000080000000, 0x0000000084300000, 0x00000000d5580000)
  object space 68608K, 67% used [0x0000000080000000,0x0000000082cf23f0,0x0000000084300000)
 Metaspace       used 70474K, committed 71936K, reserved 1114112K
  class space    used 8903K, committed 9536K, reserved 1048576K
}
Event: 89.489 GC heap before
{Heap before GC invocations=54 (full 3):
 PSYoungGen      total 18432K, used 18400K [0x00000000d5580000, 0x00000000d6a00000, 0x0000000100000000)
  eden space 17920K, 100% used [0x00000000d5580000,0x00000000d6700000,0x00000000d6700000)
  from space 512K, 93% used [0x00000000d6980000,0x00000000d69f8000,0x00000000d6a00000)
  to   space 1024K, 0% used [0x00000000d6800000,0x00000000d6800000,0x00000000d6900000)
 ParOldGen       total 68608K, used 46024K [0x0000000080000000, 0x0000000084300000, 0x00000000d5580000)
  object space 68608K, 67% used [0x0000000080000000,0x0000000082cf23f0,0x0000000084300000)
 Metaspace       used 71292K, committed 72704K, reserved 1114112K
  class space    used 9003K, committed 9664K, reserved 1048576K
}
Event: 89.491 GC heap after
{Heap after GC invocations=54 (full 3):
 PSYoungGen      total 18944K, used 481K [0x00000000d5580000, 0x00000000d6a00000, 0x0000000100000000)
  eden space 17920K, 0% used [0x00000000d5580000,0x00000000d5580000,0x00000000d6700000)
  from space 1024K, 47% used [0x00000000d6800000,0x00000000d6878600,0x00000000d6900000)
  to   space 512K, 0% used [0x00000000d6980000,0x00000000d6980000,0x00000000d6a00000)
 ParOldGen       total 68608K, used 46337K [0x0000000080000000, 0x0000000084300000, 0x00000000d5580000)
  object space 68608K, 67% used [0x0000000080000000,0x0000000082d40420,0x0000000084300000)
 Metaspace       used 71292K, committed 72704K, reserved 1114112K
  class space    used 9003K, committed 9664K, reserved 1048576K
}

